<?xml version="1.0" encoding="UTF-8"?>
<!-- Generated by org.testng.reporters.JUnitReportReporter -->
<testsuite skipped="0" hostname="DESKTOP-8SUAO90" name="com.demo.SeleniumPractice.TestRunner" tests="1" failures="0" timestamp="14 Jul 2018 08:10:10 GMT" time="7.664" errors="0">
  <testcase name="feature" time="7.664" classname="com.demo.SeleniumPractice.TestRunner"/>
</testsuite> <!-- com.demo.SeleniumPractice.TestRunner -->
